00:00:00.045805 VirtualBox DHCP Server 6.1.14 r140239 win.amd64 (Sep  4 2020 08:29:00) release log
00:00:00.045809 Log opened 2022-10-22T05:49:04.671076800Z
00:00:00.045810 Build Type: release
00:00:00.045815 OS Product: Windows 10
00:00:00.045816 OS Release: 10.0.19044
00:00:00.045817 OS Service Pack: 
00:00:00.411753 DMI Product Name: HP ProDesk 400 G2 MT
00:00:00.428738 DMI Product Version: 
00:00:00.428756 Firmware type: BIOS
00:00:00.428767 Host RAM: 4024MB (3.9GB) total, 1385MB available
00:00:00.428773 Executable: C:\Program Files\Oracle\VirtualBox\VBoxNetDHCP.exe
00:00:00.428774 Process ID: 4940
00:00:00.428774 Package type: WINDOWS_64BITS_GENERIC
00:00:00.428914 --config:  HostInterfaceNetworking-VirtualBox Host-Only Ethernet Adapter #3
00:00:00.428934 --comment: HostInterfaceNetworking-VirtualBox Host-Only Ethernet Adapter #3
00:00:00.689549 IP address:   192.168.27.100/24
00:00:00.689565 Address pool: 192.168.27.101 - 192.168.27.254
00:00:00.689601 MAC address is not specified: will use generated MAC 08:00:27:fe:87:14
00:00:00.689610 Db::i_enterFixedAddressAssignment: 08:00:27:fe:87:14: 192.168.27.100
00:00:00.689619 loading leases from C:\Users\Student\.VirtualBox\HostInterfaceNetworking-VirtualBox Host-Only Ethernet Adapter #3-Dhcpd.leases
00:00:00.689751 Runtime error opening 'C:\Users\Student\.VirtualBox\HostInterfaceNetworking-VirtualBox Host-Only Ethernet Adapter #3-Dhcpd.leases' for reading: -102 (File not found.)
